android/app/build/intermediates/manifest_merge_blame_file/release/manifest-merger-blame-release-report.txt
1<?xml version="1.0" encoding="utf-8"?>
2<manifest xmlns:android="http://schemas.android.com/apk/res/android"
3    package="com.clinic"
4    android:versionCode="1"
5    android:versionName="1.0" >
6
7    <uses-sdk
8        android:minSdkVersion="19"
8-->src/main/AndroidManifest.xml
9        android:targetSdkVersion="29" />
9-->src/main/AndroidManifest.xml
10
11    <!--
12         The ACCESS_COARSE/FINE_LOCATION permissions are not required to use
13         Google Maps Android API v2, but you must specify either coarse or fine
14         location permissions for the "MyLocation" functionality.
15    -->
16
17    <uses-permission android:name="android.permission.MODIFY_AUDIO_SETTINGS" />
17-->src/main/AndroidManifest.xml:12:5-80
17-->src/main/AndroidManifest.xml:12:22-77
18    <uses-permission android:name="android.permission.RECORD_AUDIO" />
18-->src/main/AndroidManifest.xml:13:5-71
18-->src/main/AndroidManifest.xml:13:22-68
19
20    <uses-feature
20-->src/main/AndroidManifest.xml:14:5-89
21        android:name="android.hardware.microphone"
21-->src/main/AndroidManifest.xml:14:19-61
22        android:required="false" />
22-->src/main/AndroidManifest.xml:14:62-86
23
24    <uses-permission android:name="android.permission.INTERNET" />
24-->src/main/AndroidManifest.xml:15:5-67
24-->src/main/AndroidManifest.xml:15:22-64
25    <uses-permission android:name="android.permission.READ_EXTERNAL_STORAGE" />
25-->src/main/AndroidManifest.xml:16:5-80
25-->src/main/AndroidManifest.xml:16:22-77
26    <uses-permission android:name="android.permission.WRITE_EXTERNAL_STORAGE" />
26-->src/main/AndroidManifest.xml:17:5-81
26-->src/main/AndroidManifest.xml:17:22-78
27    <uses-permission android:name="android.permission.CAMERA" />
27-->src/main/AndroidManifest.xml:18:5-65
27-->src/main/AndroidManifest.xml:18:22-62
28    <uses-permission android:name="android.permission.RECEIVE_BOOT_COMPLETED" />
28-->src/main/AndroidManifest.xml:19:5-81
28-->src/main/AndroidManifest.xml:19:22-78
29    <uses-permission android:name="android.permission.VIBRATE" />
29-->src/main/AndroidManifest.xml:20:5-66
29-->src/main/AndroidManifest.xml:20:22-63
30
31    <uses-feature android:name="android.hardware.camera" />
31-->src/main/AndroidManifest.xml:21:5-60
31-->src/main/AndroidManifest.xml:21:19-57
32    <uses-feature android:name="android.hardware.camera.autofocus" />
32-->src/main/AndroidManifest.xml:22:5-69
32-->src/main/AndroidManifest.xml:22:19-67
33
34    <uses-permission android:name="android.permission.ACCESS_NETWORK_STATE" />
34-->[:react-native-community_netinfo] AndroidManifest.xml:9:5-79
34-->[:react-native-community_netinfo] AndroidManifest.xml:9:22-76
35    <uses-permission android:name="android.permission.WAKE_LOCK" />
35-->[:react-native-background-timer] AndroidManifest.xml:11:5-68
35-->[:react-native-background-timer] AndroidManifest.xml:11:22-65
36
37    <uses-feature
37-->[:react-native-twilio-video-webrtc] AndroidManifest.xml:13:5-15:35
38        android:glEsVersion="0x00020000"
38-->[:react-native-twilio-video-webrtc] AndroidManifest.xml:14:9-41
39        android:required="true" />
39-->[:react-native-twilio-video-webrtc] AndroidManifest.xml:15:9-32
40
41    <uses-permission android:name="android.permission.ACCESS_WIFI_STATE" /> <!-- Required to access Google Play Licensing -->
41-->[:react-native-twilio-video-webrtc] AndroidManifest.xml:22:5-76
41-->[:react-native-twilio-video-webrtc] AndroidManifest.xml:22:22-73
42    <uses-permission android:name="com.android.vending.CHECK_LICENSE" />
42-->[:rn-fetch-blob] AndroidManifest.xml:12:5-73
42-->[:rn-fetch-blob] AndroidManifest.xml:12:22-70
43    <uses-permission android:name="android.permission.FOREGROUND_SERVICE" /> <!-- Required by older versions of Google Play services to create IID tokens -->
43-->[androidx.work:work-runtime:2.4.0] AndroidManifest.xml:28:5-77
43-->[androidx.work:work-runtime:2.4.0] AndroidManifest.xml:28:22-74
44    <uses-permission android:name="com.google.android.c2dm.permission.RECEIVE" /> <!-- for android -->
44-->[com.google.firebase:firebase-messaging:22.0.0] AndroidManifest.xml:25:5-82
44-->[com.google.firebase:firebase-messaging:22.0.0] AndroidManifest.xml:25:22-79
45    <!-- <uses-permission android:name="com.android.launcher.permission.READ_SETTINGS"/> -->
46    <!-- <uses-permission android:name="com.android.launcher.permission.WRITE_SETTINGS"/> -->
47    <!-- <uses-permission android:name="com.android.launcher.permission.INSTALL_SHORTCUT" /> -->
48    <!-- <uses-permission android:name="com.android.launcher.permission.UNINSTALL_SHORTCUT" /> -->
49    <!-- for Samsung -->
50    <uses-permission android:name="com.sec.android.provider.badge.permission.READ" />
50-->[me.leolin:ShortcutBadger:1.1.22] AndroidManifest.xml:19:5-86
50-->[me.leolin:ShortcutBadger:1.1.22] AndroidManifest.xml:19:22-83
51    <uses-permission android:name="com.sec.android.provider.badge.permission.WRITE" /> <!-- for htc -->
51-->[me.leolin:ShortcutBadger:1.1.22] AndroidManifest.xml:20:5-87
51-->[me.leolin:ShortcutBadger:1.1.22] AndroidManifest.xml:20:22-84
52    <uses-permission android:name="com.htc.launcher.permission.READ_SETTINGS" />
52-->[me.leolin:ShortcutBadger:1.1.22] AndroidManifest.xml:23:5-81
52-->[me.leolin:ShortcutBadger:1.1.22] AndroidManifest.xml:23:22-78
53    <uses-permission android:name="com.htc.launcher.permission.UPDATE_SHORTCUT" /> <!-- for sony -->
53-->[me.leolin:ShortcutBadger:1.1.22] AndroidManifest.xml:24:5-83
53-->[me.leolin:ShortcutBadger:1.1.22] AndroidManifest.xml:24:22-80
54    <uses-permission android:name="com.sonyericsson.home.permission.BROADCAST_BADGE" />
54-->[me.leolin:ShortcutBadger:1.1.22] AndroidManifest.xml:27:5-88
54-->[me.leolin:ShortcutBadger:1.1.22] AndroidManifest.xml:27:22-85
55    <uses-permission android:name="com.sonymobile.home.permission.PROVIDER_INSERT_BADGE" /> <!-- for apex -->
55-->[me.leolin:ShortcutBadger:1.1.22] AndroidManifest.xml:28:5-92
55-->[me.leolin:ShortcutBadger:1.1.22] AndroidManifest.xml:28:22-89
56    <uses-permission android:name="com.anddoes.launcher.permission.UPDATE_COUNT" /> <!-- for solid -->
56-->[me.leolin:ShortcutBadger:1.1.22] AndroidManifest.xml:31:5-84
56-->[me.leolin:ShortcutBadger:1.1.22] AndroidManifest.xml:31:22-81
57    <uses-permission android:name="com.majeur.launcher.permission.UPDATE_BADGE" /> <!-- for huawei -->
57-->[me.leolin:ShortcutBadger:1.1.22] AndroidManifest.xml:34:5-83
57-->[me.leolin:ShortcutBadger:1.1.22] AndroidManifest.xml:34:22-80
58    <uses-permission android:name="com.huawei.android.launcher.permission.CHANGE_BADGE" />
58-->[me.leolin:ShortcutBadger:1.1.22] AndroidManifest.xml:37:5-91
58-->[me.leolin:ShortcutBadger:1.1.22] AndroidManifest.xml:37:22-88
59    <uses-permission android:name="com.huawei.android.launcher.permission.READ_SETTINGS" />
59-->[me.leolin:ShortcutBadger:1.1.22] AndroidManifest.xml:38:5-92
59-->[me.leolin:ShortcutBadger:1.1.22] AndroidManifest.xml:38:22-89
60    <uses-permission android:name="com.huawei.android.launcher.permission.WRITE_SETTINGS" /> <!-- for ZUK -->
60-->[me.leolin:ShortcutBadger:1.1.22] AndroidManifest.xml:39:5-93
60-->[me.leolin:ShortcutBadger:1.1.22] AndroidManifest.xml:39:22-90
61    <uses-permission android:name="android.permission.READ_APP_BADGE" /> <!-- for OPPO -->
61-->[me.leolin:ShortcutBadger:1.1.22] AndroidManifest.xml:42:5-73
61-->[me.leolin:ShortcutBadger:1.1.22] AndroidManifest.xml:42:22-70
62    <uses-permission android:name="com.oppo.launcher.permission.READ_SETTINGS" />
62-->[me.leolin:ShortcutBadger:1.1.22] AndroidManifest.xml:45:5-82
62-->[me.leolin:ShortcutBadger:1.1.22] AndroidManifest.xml:45:22-79
63    <uses-permission android:name="com.oppo.launcher.permission.WRITE_SETTINGS" /> <!-- for EvMe -->
63-->[me.leolin:ShortcutBadger:1.1.22] AndroidManifest.xml:46:5-83
63-->[me.leolin:ShortcutBadger:1.1.22] AndroidManifest.xml:46:22-80
64    <uses-permission android:name="me.everything.badger.permission.BADGE_COUNT_READ" />
64-->[me.leolin:ShortcutBadger:1.1.22] AndroidManifest.xml:49:5-88
64-->[me.leolin:ShortcutBadger:1.1.22] AndroidManifest.xml:49:22-85
65    <uses-permission android:name="me.everything.badger.permission.BADGE_COUNT_WRITE" />
65-->[me.leolin:ShortcutBadger:1.1.22] AndroidManifest.xml:50:5-89
65-->[me.leolin:ShortcutBadger:1.1.22] AndroidManifest.xml:50:22-86
66    <uses-permission android:name="com.google.android.finsky.permission.BIND_GET_INSTALL_REFERRER_SERVICE" />
66-->[com.google.android.gms:play-services-measurement:19.0.0] AndroidManifest.xml:26:5-110
66-->[com.google.android.gms:play-services-measurement:19.0.0] AndroidManifest.xml:26:22-107
67
68    <application
68-->src/main/AndroidManifest.xml:23:5-124:19
69        android:name="com.clinic.MainApplication"
69-->src/main/AndroidManifest.xml:24:9-50
70        android:allowBackup="false"
70-->src/main/AndroidManifest.xml:25:9-36
71        android:appComponentFactory="androidx.core.app.CoreComponentFactory"
71-->[androidx.core:core:1.6.0] AndroidManifest.xml:24:18-86
72        android:icon="@mipmap/ic_launcher"
72-->src/main/AndroidManifest.xml:26:9-43
73        android:label="@string/app_name"
73-->src/main/AndroidManifest.xml:27:9-41
74        android:requestLegacyExternalStorage="true"
74-->src/main/AndroidManifest.xml:28:9-52
75        android:theme="@style/AppTheme"
75-->src/main/AndroidManifest.xml:29:9-40
76        android:usesCleartextTraffic="true" >
76-->src/main/AndroidManifest.xml:30:9-44
77
78        <!--
79             The API key for Google Maps-based APIs is defined as a string resource.
80             (See the file "res/values/google_maps_api.xml").
81             Note that the API key is linked to the encryption key used to sign the APK.
82             You need a different API key for each encryption key, including the release key that is used to
83             sign the APK for publishing.
84             You can define the keys for the debug and release targets in src/debug/ and src/release/.
85        -->
86
87
88        <!--
89             The API key for Google Maps-based APIs is defined as a string resource.
90             (See the file "res/values/google_maps_api.xml").
91             Note that the API key is linked to the encryption key used to sign the APK.
92             You need a different API key for each encryption key, including the release key that is used to
93             sign the APK for publishing.
94             You can define the keys for the debug and release targets in src/debug/ and src/release/.
95        -->
96        <!--
97             The API key for Google Maps-based APIs is defined as a string resource.
98             (See the file "res/values/google_maps_api.xml").
99             Note that the API key is linked to the encryption key used to sign the APK.
100             You need a different API key for each encryption key, including the release key that is used to
101             sign the APK for publishing.
102             You can define the keys for the debug and release targets in src/debug/ and src/release/.
103        -->
104        <receiver android:name="com.clinic.notification.RNFirebaseNotificationReceiver" />
104-->src/main/AndroidManifest.xml:57:9-91
104-->src/main/AndroidManifest.xml:57:19-88
105        <receiver
105-->src/main/AndroidManifest.xml:58:9-68:20
106            android:name="com.clinic.notification.RNFirebaseNotificationsRebootReceiver"
106-->src/main/AndroidManifest.xml:59:13-89
107            android:enabled="true"
107-->src/main/AndroidManifest.xml:60:13-35
108            android:exported="true" >
108-->src/main/AndroidManifest.xml:61:13-36
109            <intent-filter>
109-->src/main/AndroidManifest.xml:62:13-67:29
110                <action android:name="android.intent.action.BOOT_COMPLETED" />
110-->src/main/AndroidManifest.xml:63:17-79
110-->src/main/AndroidManifest.xml:63:25-76
111                <action android:name="android.intent.action.QUICKBOOT_POWERON" />
111-->src/main/AndroidManifest.xml:64:17-82
111-->src/main/AndroidManifest.xml:64:25-79
112                <action android:name="com.htc.intent.action.QUICKBOOT_POWERON" />
112-->src/main/AndroidManifest.xml:65:17-82
112-->src/main/AndroidManifest.xml:65:25-79
113
114                <category android:name="android.intent.category.DEFAULT" />
114-->src/main/AndroidManifest.xml:66:17-76
114-->src/main/AndroidManifest.xml:66:27-73
115            </intent-filter>
116        </receiver>
117
118        <service
118-->src/main/AndroidManifest.xml:71:9-77:19
119            android:name="com.clinic.notification.RNFirebaseMessagingService"
119-->src/main/AndroidManifest.xml:72:13-78
120            android:exported="false" >
120-->src/main/AndroidManifest.xml:73:13-37
121            <intent-filter>
121-->src/main/AndroidManifest.xml:74:13-76:29
122                <action android:name="com.google.firebase.MESSAGING_EVENT" />
122-->src/main/AndroidManifest.xml:75:17-78
122-->src/main/AndroidManifest.xml:75:25-75
123            </intent-filter>
124        </service>
125        <service android:name="com.clinic.notification.RNFirebaseBackgroundMessagingService" />
125-->src/main/AndroidManifest.xml:79:9-96
125-->src/main/AndroidManifest.xml:79:18-93
126
127        <meta-data
127-->src/main/AndroidManifest.xml:81:3-82:44
128            android:name="com.dieam.reactnativepushnotification.notification_foreground"
128-->src/main/AndroidManifest.xml:81:15-91
129            android:value="false" />
129-->src/main/AndroidManifest.xml:82:21-42
130        <!-- Change the resource name to your App's accent color - or any other color you want -->
131        <meta-data
131-->src/main/AndroidManifest.xml:84:9-85:54
132            android:name="com.dieam.reactnativepushnotification.notification_color"
132-->src/main/AndroidManifest.xml:84:21-92
133            android:resource="@color/white" /> <!-- or @android:color/{name} to use a standard color -->
133-->src/main/AndroidManifest.xml:85:21-52
134
135        <receiver android:name="com.dieam.reactnativepushnotification.modules.RNPushNotificationActions" />
135-->src/main/AndroidManifest.xml:87:9-108
135-->src/main/AndroidManifest.xml:87:19-105
136        <receiver android:name="com.dieam.reactnativepushnotification.modules.RNPushNotificationPublisher" />
136-->src/main/AndroidManifest.xml:88:9-110
136-->src/main/AndroidManifest.xml:88:19-107
137        <receiver android:name="com.dieam.reactnativepushnotification.modules.RNPushNotificationBootEventReceiver" >
137-->src/main/AndroidManifest.xml:89:9-95:20
137-->src/main/AndroidManifest.xml:89:19-115
138            <intent-filter>
138-->src/main/AndroidManifest.xml:90:13-94:29
139                <action android:name="android.intent.action.BOOT_COMPLETED" />
139-->src/main/AndroidManifest.xml:63:17-79
139-->src/main/AndroidManifest.xml:63:25-76
140                <action android:name="android.intent.action.QUICKBOOT_POWERON" />
140-->src/main/AndroidManifest.xml:64:17-82
140-->src/main/AndroidManifest.xml:64:25-79
141                <action android:name="com.htc.intent.action.QUICKBOOT_POWERON" />
141-->src/main/AndroidManifest.xml:65:17-82
141-->src/main/AndroidManifest.xml:65:25-79
142            </intent-filter>
143        </receiver>
144
145        <service
145-->src/main/AndroidManifest.xml:97:9-103:19
146            android:name="com.dieam.reactnativepushnotification.modules.RNPushNotificationListenerService"
146-->src/main/AndroidManifest.xml:98:13-107
147            android:exported="false" >
147-->src/main/AndroidManifest.xml:99:13-37
148            <intent-filter>
148-->src/main/AndroidManifest.xml:74:13-76:29
149                <action android:name="com.google.firebase.MESSAGING_EVENT" />
149-->src/main/AndroidManifest.xml:75:17-78
149-->src/main/AndroidManifest.xml:75:25-75
150            </intent-filter>
151        </service>
152
153        <activity
153-->src/main/AndroidManifest.xml:106:9-114:20
154            android:name="com.clinic.SplashActivity"
154-->src/main/AndroidManifest.xml:107:13-53
155            android:screenOrientation="portrait" >
155-->src/main/AndroidManifest.xml:108:13-49
156            <intent-filter>
156-->src/main/AndroidManifest.xml:109:13-113:29
157                <action android:name="android.intent.action.MAIN" />
157-->src/main/AndroidManifest.xml:110:17-69
157-->src/main/AndroidManifest.xml:110:25-66
158
159                <category android:name="android.intent.category.LAUNCHER" />
159-->src/main/AndroidManifest.xml:112:17-77
159-->src/main/AndroidManifest.xml:112:27-74
160            </intent-filter>
161        </activity>
162        <activity
162-->src/main/AndroidManifest.xml:115:9-122:55
163            android:name="com.clinic.MainActivity"
163-->src/main/AndroidManifest.xml:116:13-51
164            android:configChanges="keyboard|keyboardHidden|orientation|screenSize|uiMode"
164-->src/main/AndroidManifest.xml:117:13-90
165            android:exported="true"
165-->src/main/AndroidManifest.xml:121:13-36
166            android:label="@string/app_name"
166-->src/main/AndroidManifest.xml:118:13-45
167            android:launchMode="singleTask"
167-->src/main/AndroidManifest.xml:119:13-44
168            android:screenOrientation="portrait"
168-->src/main/AndroidManifest.xml:120:13-49
169            android:windowSoftInputMode="adjustPan" />
169-->src/main/AndroidManifest.xml:122:13-52
170        <activity android:name="com.facebook.react.devsupport.DevSettingsActivity" />
170-->src/main/AndroidManifest.xml:123:9-86
170-->src/main/AndroidManifest.xml:123:19-83
171
172        <meta-data
172-->[:sentry_react-native] AndroidManifest.xml:15:9-17:37
173            android:name="io.sentry.auto-init"
173-->[:sentry_react-native] AndroidManifest.xml:16:13-47
174            android:value="false" />
174-->[:sentry_react-native] AndroidManifest.xml:17:13-34
175
176        <provider
176-->[:react-native-image-picker] AndroidManifest.xml:12:9-20:20
177            android:name="com.imagepicker.FileProvider"
177-->[:react-native-image-picker] AndroidManifest.xml:13:13-56
178            android:authorities="com.clinic.provider"
178-->[:react-native-image-picker] AndroidManifest.xml:14:13-60
179            android:exported="false"
179-->[:react-native-image-picker] AndroidManifest.xml:15:13-37
180            android:grantUriPermissions="true" >
180-->[:react-native-image-picker] AndroidManifest.xml:16:13-47
181            <meta-data
181-->[:react-native-image-picker] AndroidManifest.xml:17:13-19:58
182                android:name="android.support.FILE_PROVIDER_PATHS"
182-->[:react-native-image-picker] AndroidManifest.xml:18:17-67
183                android:resource="@xml/provider_paths" />
183-->[:react-native-image-picker] AndroidManifest.xml:19:17-55
184        </provider>
185        <provider
185-->[:rn-fetch-blob] AndroidManifest.xml:36:9-44:20
186            android:name="com.RNFetchBlob.Utils.FileProvider"
186-->[:rn-fetch-blob] AndroidManifest.xml:37:13-62
187            android:authorities="com.clinic.provider"
187-->[:rn-fetch-blob] AndroidManifest.xml:38:13-60
188            android:exported="false"
188-->[:rn-fetch-blob] AndroidManifest.xml:39:13-37
189            android:grantUriPermissions="true" >
189-->[:rn-fetch-blob] AndroidManifest.xml:40:13-47
190            <meta-data
190-->[:react-native-image-picker] AndroidManifest.xml:17:13-19:58
191                android:name="android.support.FILE_PROVIDER_PATHS"
191-->[:react-native-image-picker] AndroidManifest.xml:18:17-67
192                android:resource="@xml/provider_paths" />
192-->[:react-native-image-picker] AndroidManifest.xml:19:17-55
193        </provider>
194        <provider
194-->[androidx.work:work-runtime:2.4.0] AndroidManifest.xml:31:9-37:35
195            android:name="androidx.work.impl.WorkManagerInitializer"
195-->[androidx.work:work-runtime:2.4.0] AndroidManifest.xml:32:13-69
196            android:authorities="com.clinic.workmanager-init"
196-->[androidx.work:work-runtime:2.4.0] AndroidManifest.xml:33:13-68
197            android:directBootAware="false"
197-->[androidx.work:work-runtime:2.4.0] AndroidManifest.xml:34:13-44
198            android:exported="false"
198-->[androidx.work:work-runtime:2.4.0] AndroidManifest.xml:35:13-37
199            android:multiprocess="true" />
199-->[androidx.work:work-runtime:2.4.0] AndroidManifest.xml:36:13-40
200
201        <service
201-->[androidx.work:work-runtime:2.4.0] AndroidManifest.xml:39:9-44:35
202            android:name="androidx.work.impl.background.systemalarm.SystemAlarmService"
202-->[androidx.work:work-runtime:2.4.0] AndroidManifest.xml:40:13-88
203            android:directBootAware="false"
203-->[androidx.work:work-runtime:2.4.0] AndroidManifest.xml:41:13-44
204            android:enabled="@bool/enable_system_alarm_service_default"
204-->[androidx.work:work-runtime:2.4.0] AndroidManifest.xml:42:13-72
205            android:exported="false" />
205-->[androidx.work:work-runtime:2.4.0] AndroidManifest.xml:43:13-37
206        <service
206-->[androidx.work:work-runtime:2.4.0] AndroidManifest.xml:45:9-51:35
207            android:name="androidx.work.impl.background.systemjob.SystemJobService"
207-->[androidx.work:work-runtime:2.4.0] AndroidManifest.xml:46:13-84
208            android:directBootAware="false"
208-->[androidx.work:work-runtime:2.4.0] AndroidManifest.xml:47:13-44
209            android:enabled="@bool/enable_system_job_service_default"
209-->[androidx.work:work-runtime:2.4.0] AndroidManifest.xml:48:13-70
210            android:exported="true"
210-->[androidx.work:work-runtime:2.4.0] AndroidManifest.xml:49:13-36
211            android:permission="android.permission.BIND_JOB_SERVICE" />
211-->[androidx.work:work-runtime:2.4.0] AndroidManifest.xml:50:13-69
212        <service
212-->[androidx.work:work-runtime:2.4.0] AndroidManifest.xml:52:9-57:35
213            android:name="androidx.work.impl.foreground.SystemForegroundService"
213-->[androidx.work:work-runtime:2.4.0] AndroidManifest.xml:53:13-81
214            android:directBootAware="false"
214-->[androidx.work:work-runtime:2.4.0] AndroidManifest.xml:54:13-44
215            android:enabled="@bool/enable_system_foreground_service_default"
215-->[androidx.work:work-runtime:2.4.0] AndroidManifest.xml:55:13-77
216            android:exported="false" />
216-->[androidx.work:work-runtime:2.4.0] AndroidManifest.xml:56:13-37
217
218        <receiver
218-->[androidx.work:work-runtime:2.4.0] AndroidManifest.xml:59:9-64:35
219            android:name="androidx.work.impl.utils.ForceStopRunnable$BroadcastReceiver"
219-->[androidx.work:work-runtime:2.4.0] AndroidManifest.xml:60:13-88
220            android:directBootAware="false"
220-->[androidx.work:work-runtime:2.4.0] AndroidManifest.xml:61:13-44
221            android:enabled="true"
221-->[androidx.work:work-runtime:2.4.0] AndroidManifest.xml:62:13-35
222            android:exported="false" />
222-->[androidx.work:work-runtime:2.4.0] AndroidManifest.xml:63:13-37
223        <receiver
223-->[androidx.work:work-runtime:2.4.0] AndroidManifest.xml:65:9-75:20
224            android:name="androidx.work.impl.background.systemalarm.ConstraintProxy$BatteryChargingProxy"
224-->[androidx.work:work-runtime:2.4.0] AndroidManifest.xml:66:13-106
225            android:directBootAware="false"
225-->[androidx.work:work-runtime:2.4.0] AndroidManifest.xml:67:13-44
226            android:enabled="false"
226-->[androidx.work:work-runtime:2.4.0] AndroidManifest.xml:68:13-36
227            android:exported="false" >
227-->[androidx.work:work-runtime:2.4.0] AndroidManifest.xml:69:13-37
228            <intent-filter>
228-->[androidx.work:work-runtime:2.4.0] AndroidManifest.xml:71:13-74:29
229                <action android:name="android.intent.action.ACTION_POWER_CONNECTED" />
229-->[androidx.work:work-runtime:2.4.0] AndroidManifest.xml:72:17-87
229-->[androidx.work:work-runtime:2.4.0] AndroidManifest.xml:72:25-84
230                <action android:name="android.intent.action.ACTION_POWER_DISCONNECTED" />
230-->[androidx.work:work-runtime:2.4.0] AndroidManifest.xml:73:17-90
230-->[androidx.work:work-runtime:2.4.0] AndroidManifest.xml:73:25-87
231            </intent-filter>
232        </receiver>
233        <receiver
233-->[androidx.work:work-runtime:2.4.0] AndroidManifest.xml:76:9-86:20
234            android:name="androidx.work.impl.background.systemalarm.ConstraintProxy$BatteryNotLowProxy"
234-->[androidx.work:work-runtime:2.4.0] AndroidManifest.xml:77:13-104
235            android:directBootAware="false"
235-->[androidx.work:work-runtime:2.4.0] AndroidManifest.xml:78:13-44
236            android:enabled="false"
236-->[androidx.work:work-runtime:2.4.0] AndroidManifest.xml:79:13-36
237            android:exported="false" >
237-->[androidx.work:work-runtime:2.4.0] AndroidManifest.xml:80:13-37
238            <intent-filter>
238-->[androidx.work:work-runtime:2.4.0] AndroidManifest.xml:82:13-85:29
239                <action android:name="android.intent.action.BATTERY_OKAY" />
239-->[androidx.work:work-runtime:2.4.0] AndroidManifest.xml:83:17-77
239-->[androidx.work:work-runtime:2.4.0] AndroidManifest.xml:83:25-74
240                <action android:name="android.intent.action.BATTERY_LOW" />
240-->[androidx.work:work-runtime:2.4.0] AndroidManifest.xml:84:17-76
240-->[androidx.work:work-runtime:2.4.0] AndroidManifest.xml:84:25-73
241            </intent-filter>
242        </receiver>
243        <receiver
243-->[androidx.work:work-runtime:2.4.0] AndroidManifest.xml:87:9-97:20
244            android:name="androidx.work.impl.background.systemalarm.ConstraintProxy$StorageNotLowProxy"
244-->[androidx.work:work-runtime:2.4.0] AndroidManifest.xml:88:13-104
245            android:directBootAware="false"
245-->[androidx.work:work-runtime:2.4.0] AndroidManifest.xml:89:13-44
246            android:enabled="false"
246-->[androidx.work:work-runtime:2.4.0] AndroidManifest.xml:90:13-36
247            android:exported="false" >
247-->[androidx.work:work-runtime:2.4.0] AndroidManifest.xml:91:13-37
248            <intent-filter>
248-->[androidx.work:work-runtime:2.4.0] AndroidManifest.xml:93:13-96:29
249                <action android:name="android.intent.action.DEVICE_STORAGE_LOW" />
249-->[androidx.work:work-runtime:2.4.0] AndroidManifest.xml:94:17-83
249-->[androidx.work:work-runtime:2.4.0] AndroidManifest.xml:94:25-80
250                <action android:name="android.intent.action.DEVICE_STORAGE_OK" />
250-->[androidx.work:work-runtime:2.4.0] AndroidManifest.xml:95:17-82
250-->[androidx.work:work-runtime:2.4.0] AndroidManifest.xml:95:25-79
251            </intent-filter>
252        </receiver>
253        <receiver
253-->[androidx.work:work-runtime:2.4.0] AndroidManifest.xml:98:9-107:20
254            android:name="androidx.work.impl.background.systemalarm.ConstraintProxy$NetworkStateProxy"
254-->[androidx.work:work-runtime:2.4.0] AndroidManifest.xml:99:13-103
255            android:directBootAware="false"
255-->[androidx.work:work-runtime:2.4.0] AndroidManifest.xml:100:13-44
256            android:enabled="false"
256-->[androidx.work:work-runtime:2.4.0] AndroidManifest.xml:101:13-36
257            android:exported="false" >
257-->[androidx.work:work-runtime:2.4.0] AndroidManifest.xml:102:13-37
258            <intent-filter>
258-->[androidx.work:work-runtime:2.4.0] AndroidManifest.xml:104:13-106:29
259                <action android:name="android.net.conn.CONNECTIVITY_CHANGE" />
259-->[androidx.work:work-runtime:2.4.0] AndroidManifest.xml:105:17-79
259-->[androidx.work:work-runtime:2.4.0] AndroidManifest.xml:105:25-76
260            </intent-filter>
261        </receiver>
262        <receiver
262-->[androidx.work:work-runtime:2.4.0] AndroidManifest.xml:108:9-119:20
263            android:name="androidx.work.impl.background.systemalarm.RescheduleReceiver"
263-->[androidx.work:work-runtime:2.4.0] AndroidManifest.xml:109:13-88
264            android:directBootAware="false"
264-->[androidx.work:work-runtime:2.4.0] AndroidManifest.xml:110:13-44
265            android:enabled="false"
265-->[androidx.work:work-runtime:2.4.0] AndroidManifest.xml:111:13-36
266            android:exported="false" >
266-->[androidx.work:work-runtime:2.4.0] AndroidManifest.xml:112:13-37
267            <intent-filter>
267-->[androidx.work:work-runtime:2.4.0] AndroidManifest.xml:114:13-118:29
268                <action android:name="android.intent.action.BOOT_COMPLETED" />
268-->src/main/AndroidManifest.xml:63:17-79
268-->src/main/AndroidManifest.xml:63:25-76
269                <action android:name="android.intent.action.TIME_SET" />
269-->[androidx.work:work-runtime:2.4.0] AndroidManifest.xml:116:17-73
269-->[androidx.work:work-runtime:2.4.0] AndroidManifest.xml:116:25-70
270                <action android:name="android.intent.action.TIMEZONE_CHANGED" />
270-->[androidx.work:work-runtime:2.4.0] AndroidManifest.xml:117:17-81
270-->[androidx.work:work-runtime:2.4.0] AndroidManifest.xml:117:25-78
271            </intent-filter>
272        </receiver>
273        <receiver
273-->[androidx.work:work-runtime:2.4.0] AndroidManifest.xml:120:9-129:20
274            android:name="androidx.work.impl.background.systemalarm.ConstraintProxyUpdateReceiver"
274-->[androidx.work:work-runtime:2.4.0] AndroidManifest.xml:121:13-99
275            android:directBootAware="false"
275-->[androidx.work:work-runtime:2.4.0] AndroidManifest.xml:122:13-44
276            android:enabled="@bool/enable_system_alarm_service_default"
276-->[androidx.work:work-runtime:2.4.0] AndroidManifest.xml:123:13-72
277            android:exported="false" >
277-->[androidx.work:work-runtime:2.4.0] AndroidManifest.xml:124:13-37
278            <intent-filter>
278-->[androidx.work:work-runtime:2.4.0] AndroidManifest.xml:126:13-128:29
279                <action android:name="androidx.work.impl.background.systemalarm.UpdateProxies" />
279-->[androidx.work:work-runtime:2.4.0] AndroidManifest.xml:127:17-98
279-->[androidx.work:work-runtime:2.4.0] AndroidManifest.xml:127:25-95
280            </intent-filter>